<?xml version="1.0" encoding="UTF-8"?>
<testng-results ignored="0" total="1" passed="1" failed="0" skipped="0">
  <reporter-output>
  </reporter-output>
  <suite started-at="2021-02-01T16:37:34 IST" name="Test Suite" finished-at="2021-02-01T16:38:57 IST" duration-ms="82727">
    <groups>
    </groups>
    <test started-at="2021-02-01T16:37:34 IST" name="WiproTest" finished-at="2021-02-01T16:38:57 IST" duration-ms="82727">
      <class name="com.mobile.test.PurchaseTest">
        <test-method is-config="true" signature="setUp(java.lang.String, java.lang.String, java.lang.String, java.lang.String)[pri:0, instance:com.mobile.test.PurchaseTest@1b2abca6]" started-at="2021-02-01T16:37:34 IST" name="setUp" finished-at="2021-02-01T16:37:53 IST" duration-ms="18982" status="PASS">
          <params>
            <param index="0">
              <value>
                <![CDATA[amazon]]>
              </value>
            </param>
            <param index="1">
              <value>
                <![CDATA[Android]]>
              </value>
            </param>
            <param index="2">
              <value>
                <![CDATA[11.0]]>
              </value>
            </param>
            <param index="3">
              <value>
                <![CDATA[emulator-5554]]>
              </value>
            </param>
          </params>
          <reporter-output>
          </reporter-output>
        </test-method> <!-- setUp -->
        <test-method signature="login_FlowVerification(java.lang.String, java.lang.String, java.lang.String, java.lang.String)[pri:0, instance:com.mobile.test.PurchaseTest@1b2abca6]" started-at="2021-02-01T16:37:53 IST" name="login_FlowVerification" finished-at="2021-02-01T16:38:55 IST" duration-ms="61861" status="PASS">
          <params>
            <param index="0">
              <value>
                <![CDATA[amazon]]>
              </value>
            </param>
            <param index="1">
              <value>
                <![CDATA[Android]]>
              </value>
            </param>
            <param index="2">
              <value>
                <![CDATA[11.0]]>
              </value>
            </param>
            <param index="3">
              <value>
                <![CDATA[emulator-5554]]>
              </value>
            </param>
          </params>
          <reporter-output>
          </reporter-output>
        </test-method> <!-- login_FlowVerification -->
        <test-method is-config="true" signature="tearDown()[pri:0, instance:com.mobile.test.PurchaseTest@1b2abca6]" started-at="2021-02-01T16:38:55 IST" name="tearDown" finished-at="2021-02-01T16:38:57 IST" duration-ms="1833" status="PASS">
          <reporter-output>
          </reporter-output>
        </test-method> <!-- tearDown -->
      </class> <!-- com.mobile.test.PurchaseTest -->
    </test> <!-- WiproTest -->
  </suite> <!-- Test Suite -->
</testng-results>
